[debug] [2021-05-29T08:02:57.694Z] ----------------------------------------------------------------------
[debug] [2021-05-29T08:02:57.699Z] Command:       C:\Program Files\nodejs\node.exe C:\Users\Vignesh\AppData\Roaming\npm\node_modules\firebase-tools\lib\bin\firebase.js init
[debug] [2021-05-29T08:02:57.700Z] CLI Version:   9.12.0
[debug] [2021-05-29T08:02:57.701Z] Platform:      win32
[debug] [2021-05-29T08:02:57.701Z] Node Version:  v14.16.0
[debug] [2021-05-29T08:02:57.703Z] Time:          Sat May 29 2021 13:32:57 GMT+0530 (India Standard Time)
[debug] [2021-05-29T08:02:57.703Z] ----------------------------------------------------------------------
[debug] 
[debug] [2021-05-29T08:02:57.720Z] > command requires scopes: ["email","openid","https://www.googleapis.com/auth/cloudplatformprojects.readonly","https://www.googleapis.com/auth/firebase","https://www.googleapis.com/auth/cloud-platform"]
[debug] [2021-05-29T08:02:57.721Z] > authorizing via signed-in user (vigneshsambari1901@gmail.com)
[info] 
     ######## #### ########  ######## ########     ###     ######  ########
     ##        ##  ##     ## ##       ##     ##  ##   ##  ##       ##
     ######    ##  ########  ######   ########  #########  ######  ######
     ##        ##  ##    ##  ##       ##     ## ##     ##       ## ##
     ##       #### ##     ## ######## ########  ##     ##  ######  ########

You're about to initialize a Firebase project in this directory:

  C:\Users\Vignesh\Desktop\marioplan

Before we get started, keep in mind:

  * You are initializing in an existing Firebase project directory

[info] 
=== Project Setup
[info] 
[info] First, let's associate this project directory with a Firebase project.
[info] You can create multiple project aliases by running firebase use --add, 
[info] but for now we'll just set up a default project.
[info] 
[info] i  .firebaserc already has a default project, using project0-91637. 
[debug] [2021-05-29T08:03:15.680Z] > refreshing access token with scopes: []
[debug] [2021-05-29T08:03:15.681Z] >>> HTTP REQUEST POST https://www.googleapis.com/oauth2/v3/token  
 <request body omitted>
[debug] [2021-05-29T08:03:16.103Z] <<< HTTP RESPONSE 200 {"pragma":"no-cache","expires":"Mon, 01 Jan 1990 00:00:00 GMT","date":"Sat, 29 May 2021 08:03:28 GMT","cache-control":"no-cache, no-store, max-age=0, must-revalidate","content-type":"application/json; charset=utf-8","vary":"X-Origin, Referer, Origin,Accept-Encoding","server":"scaffolding on HTTPServer2","x-xss-protection":"0","x-frame-options":"SAMEORIGIN","x-content-type-options":"nosniff","alt-svc":"h3-29=\":443\"; ma=2592000,h3-T051=\":443\"; ma=2592000,h3-Q050=\":443\"; ma=2592000,h3-Q046=\":443\"; ma=2592000,h3-Q043=\":443\"; ma=2592000,quic=\":443\"; ma=2592000; v=\"46,43\"","accept-ranges":"none","transfer-encoding":"chunked"}
[debug] [2021-05-29T08:03:16.127Z] >>> [apiv2][query] GET https://firebase.googleapis.com/v1beta1/projects/project0-91637 [none]
[debug] [2021-05-29T08:03:16.736Z] <<< [apiv2][status] GET https://firebase.googleapis.com/v1beta1/projects/project0-91637 200
[debug] [2021-05-29T08:03:16.737Z] <<< [apiv2][body] GET https://firebase.googleapis.com/v1beta1/projects/project0-91637 {"projectId":"project0-91637","projectNumber":"82881919786","displayName":"project0","name":"projects/project0-91637","resources":{"hostingSite":"project0-91637","storageBucket":"project0-91637.appspot.com","locationId":"us-central"},"state":"ACTIVE"}
[info] 
=== Hosting Setup
[info] 
[info] Your public directory is the folder (relative to your project directory) that
[info] will contain Hosting assets to be uploaded with firebase deploy. If you
[info] have a build process for your assets, use your build's output directory.
[info] 
